
 Ansys Mechanical Enterprise Academic Student      


 *------------------------------------------------------------------*
 |                                                                  |
 |   W E L C O M E   T O   T H E   A N S Y S (R)  P R O G R A M     |
 |                                                                  |
 *------------------------------------------------------------------*




 ***************************************************************
 *         ANSYS MAPDL 2024 R1          LEGAL NOTICES          *
 ***************************************************************
 *                                                             *
 * Copyright 1971-2024 Ansys, Inc.  All rights reserved.       *
 * Unauthorized use, distribution or duplication is            *
 * prohibited.                                                 *
 *                                                             *
 * Ansys is a registered trademark of Ansys, Inc. or its       *
 * subsidiaries in the United States or other countries.       *
 * See the Ansys, Inc. online documentation or the Ansys, Inc. *
 * documentation CD or online help for the complete Legal      *
 * Notice.                                                     *
 *                                                             *
 ***************************************************************
 *                                                             *
 * THIS ANSYS SOFTWARE PRODUCT AND PROGRAM DOCUMENTATION       *
 * INCLUDE TRADE SECRETS AND CONFIDENTIAL AND PROPRIETARY      *
 * PRODUCTS OF ANSYS, INC., ITS SUBSIDIARIES, OR LICENSORS.    *
 * The software products and documentation are furnished by    *
 * Ansys, Inc. or its subsidiaries under a software license    *
 * agreement that contains provisions concerning               *
 * non-disclosure, copying, length and nature of use,          *
 * compliance with exporting laws, warranties, disclaimers,    *
 * limitations of liability, and remedies, and other           *
 * provisions.  The software products and documentation may be *
 * used, disclosed, transferred, or copied only in accordance  *
 * with the terms and conditions of that software license      *
 * agreement.                                                  *
 *                                                             *
 * Ansys, Inc. is a UL registered                              *
 * ISO 9001:2015 company.                                      *
 *                                                             *
 ***************************************************************
 *                                                             *
 * This product is subject to U.S. laws governing export and   *
 * re-export.                                                  *
 *                                                             *
 * For U.S. Government users, except as specifically granted   *
 * by the Ansys, Inc. software license agreement, the use,     *
 * duplication, or disclosure by the United States Government  *
 * is subject to restrictions stated in the Ansys, Inc.        *
 * software license agreement and FAR 12.212 (for non-DOD      *
 * licenses).                                                  *
 *                                                             *
 ***************************************************************

 2024 R1 
     
 Point Releases and Patches installed:   
     
 Discovery 2024 R1   
 Fluids 2024 R1  
 Ansys Dynamic Reporting 2024 R1 
 SpaceClaim 2024 R1  
 CFX (includes CFD-Post) 2024 R1 
 Chemkin 2024 R1 
 EnSight 2024 R1 
 FENSAP-ICE 2024 R1  
 Fluent (includes CFD-Post) 2024 R1  
 Polyflow (includes CFD-Post) 2024 R1
 Forte (includes EnSight) 2024 R1
 TurboGrid 2024 R1   
 ACIS Geometry Interface 2024 R1 
 AutoCAD Geometry Interface 2024 R1  
 Catia, Version 4 Geometry Interface 2024 R1 
 Catia, Version 5 Geometry Interface 2024 R1 
 Catia, Version 6 Geometry Interface 2024 R1 
 Creo Elements/Direct Modeling Geometry Interface 2024 R1
 Creo Parametric Geometry Interface 2024 R1  
 Inventor Geometry Interface 2024 R1 
 JTOpen Geometry Interface 2024 R1   
 NX Geometry Interface 2024 R1   
 Parasolid Geometry Interface  2024 R1   
 Solid Edge Geometry Interface 2024 R1   
 SOLIDWORKS Geometry Interface 2024 R1   
 Speos 2024 R1   
 Aqwa 2024 R1
 Autodyn 2024 R1 
 Material Calibration App 2024 R1
 Customization Files for User Programmable Features 2024 R1  
 Mechanical Products 2024 R1 
 Motion 2024 R1  
 Academic Student 2024 R1


          *****  MAPDL COMMAND LINE ARGUMENTS  *****
  BATCH MODE REQUESTED (-b)    = NOLIST
  INPUT FILE COPY MODE (-c)    = COPY
  DISTRIBUTED MEMORY PARALLEL REQUESTED
       4 PARALLEL PROCESSES REQUESTED WITH SINGLE THREAD PER PROCESS
    TOTAL OF     4 CORES REQUESTED
  INPUT FILE NAME              = D:\Solidwork Projects\TWSBR CAD Model\Old CAD\_ProjectScratch\Scr6E2B\dummy.dat
  OUTPUT FILE NAME             = D:\Solidwork Projects\TWSBR CAD Model\Old CAD\_ProjectScratch\Scr6E2B\solve.out
  START-UP FILE MODE           = NOREAD
  STOP FILE MODE               = NOREAD

 RELEASE= 2024 R1              BUILD= 24.1      UP20231106   VERSION=WINDOWS x64 
 CURRENT JOBNAME=file0  21:06:44  SEP 27, 2024 CP=      0.031


 PARAMETER _DS_PROGRESS =     999.0000000    

 /INPUT FILE= ds.dat  LINE=       0



 *** NOTE ***                            CP =       0.078   TIME= 21:06:44
 The /CONFIG,NOELDB command is not valid in a distributed memory         
 parallel solution.  Command is ignored.                                 

 *GET  _WALLSTRT  FROM  ACTI  ITEM=TIME WALL  VALUE=  21.1122222    

 TITLE= 
 Assembly Analysis--Static Structural (A5)                                     

  ACT Extensions:
      LSDYNA, 2024.1
      5f463412-bd3e-484b-87e7-cbc0a665e474, wbex
 /COM,     ANSYSMotion, 2024.1
      20180725-3f81-49eb-9f31-41364844c769, wbex
  

 SET PARAMETER DIMENSIONS ON  _WB_PROJECTSCRATCH_DIR
  TYPE=STRI  DIMENSIONS=      248        1        1

 PARAMETER _WB_PROJECTSCRATCH_DIR(1) = D:\Solidwork Projects\TWSBR CAD Model\Old CAD\_ProjectScratch\Scr6E2B\

 SET PARAMETER DIMENSIONS ON  _WB_SOLVERFILES_DIR
  TYPE=STRI  DIMENSIONS=      248        1        1

 PARAMETER _WB_SOLVERFILES_DIR(1) = D:\Solidwork Projects\TWSBR CAD Model\Old CAD\Assembly Analysis_files\dp0\SYS\MECH\

 SET PARAMETER DIMENSIONS ON  _WB_USERFILES_DIR
  TYPE=STRI  DIMENSIONS=      248        1        1

 PARAMETER _WB_USERFILES_DIR(1) = D:\Solidwork Projects\TWSBR CAD Model\Old CAD\Assembly Analysis_files\user_files\
 --- Data in consistent NMM units. See Solving Units in the help system for more

 MPA UNITS SPECIFIED FOR INTERNAL    
  LENGTH      = MILLIMETERS (mm)
  MASS        = TONNE (Mg)
  TIME        = SECONDS (sec)
  TEMPERATURE = CELSIUS (C)
  TOFFSET     = 273.0
  FORCE       = NEWTON (N)
  HEAT        = MILLIJOULES (mJ)

 INPUT  UNITS ARE ALSO SET TO MPA 

 *** MAPDL - ENGINEERING ANALYSIS SYSTEM  RELEASE 2024 R1          24.1     ***
 Ansys Mechanical Enterprise Academic Student      
 01055371  VERSION=WINDOWS x64   21:06:44  SEP 27, 2024 CP=      0.094

 Assembly Analysis--Static Structural (A5)                                     



          ***** MAPDL ANALYSIS DEFINITION (PREP7) *****
 *********** Nodes for the whole assembly ***********
 *********** Elements for Body 1 "stepper_motor" ***********
 *********** Elements for Body 2 "stepper_motor" ***********
 *********** Elements for Body 3 "leg_oldtwsbr" ***********
 *********** Elements for Body 4 "leg_oldtwsbr" ***********
 *********** Elements for Body 5 "Box" ***********
 *********** Send User Defined Coordinate System(s) ***********
 *********** Set Reference Temperature ***********
 *********** Send Materials ***********
 *********** Create Contact "Contact Region" ***********
             Real Constant Set For Above Contact Is 7 & 6
 *********** Create Contact "Contact Region 2" ***********
             Real Constant Set For Above Contact Is 9 & 8
 *********** Create Contact "Contact Region 3" ***********
             Real Constant Set For Above Contact Is 11 & 10
 *********** Create Contact "Contact Region 4" ***********
             Real Constant Set For Above Contact Is 13 & 12
 *********** Fixed Supports ***********
 *********** Define Force Using Surface Effect Elements ***********


 ***** ROUTINE COMPLETED *****  CP =         0.109


 --- Number of total nodes = 49216
 --- Number of contact elements = 7012
 --- Number of spring elements = 0
 --- Number of bearing elements = 0
 --- Number of solid elements = 28194
 --- Number of condensed parts = 0
 --- Number of total elements = 35206

 *GET  _WALLBSOL  FROM  ACTI  ITEM=TIME WALL  VALUE=  21.1122222    
 ****************************************************************************
 *************************    SOLUTION       ********************************
 ****************************************************************************

 *****  MAPDL SOLUTION ROUTINE  *****


 PERFORM A STATIC ANALYSIS
  THIS WILL BE A NEW ANALYSIS

 PARAMETER _THICKRATIO =     1.000000000    

 USE PRECONDITIONED CONJUGATE GRADIENT SOLVER
  CONVERGENCE TOLERANCE = 1.00000E-08
  MAXIMUM ITERATION     = NumNode*DofPerNode*  1.0000    

 CONTACT INFORMATION PRINTOUT LEVEL       1

 CHECK INITIAL OPEN/CLOSED STATUS OF SELECTED CONTACT ELEMENTS
      AND LIST DETAILED CONTACT PAIR INFORMATION

 SPLIT CONTACT SURFACES AT SOLVE PHASE

    NUMBER OF SPLITTING TBD BY PROGRAM

 DO NOT COMBINE ELEMENT MATRIX FILES (.emat) AFTER DISTRIBUTED PARALLEL SOLUTION

 DO NOT COMBINE ELEMENT SAVE DATA FILES (.esav) AFTER DISTRIBUTED PARALLEL SOLUTION

 NLDIAG: Nonlinear diagnostics CONT option is set to ON. 
         Writing frequency : each ITERATION.

 DO NOT SAVE ANY RESTART FILES AT ALL
 ****************************************************
 ******************* SOLVE FOR LS 1 OF 1 ****************

 SELECT       FOR ITEM=TYPE COMPONENT=    
  IN RANGE        14 TO         14 STEP          1

         52  ELEMENTS (OF      35206  DEFINED) SELECTED BY  ESEL  COMMAND.

 SELECT      ALL NODES HAVING ANY ELEMENT IN ELEMENT SET.

        139 NODES (OF      49216  DEFINED) SELECTED FROM
       52 SELECTED ELEMENTS BY NSLE COMMAND.

 SPECIFIED SURFACE LOAD PRES FOR ALL SELECTED ELEMENTS  LKEY =  1   KVAL = 1
     VALUES =   -0.28584E-18   -0.28584E-18   -0.28584E-18   -0.28584E-18

 SPECIFIED SURFACE LOAD PRES FOR ALL SELECTED ELEMENTS  LKEY =  2   KVAL = 1
     VALUES =     0.0000         0.0000         0.0000         0.0000    

 SPECIFIED SURFACE LOAD PRES FOR ALL SELECTED ELEMENTS  LKEY =  3   KVAL = 1
     VALUES =   -0.25128E-02   -0.25128E-02   -0.25128E-02   -0.25128E-02

 ALL SELECT   FOR ITEM=NODE COMPONENT=    
  IN RANGE         1 TO      49216 STEP          1

      49216  NODES (OF      49216  DEFINED) SELECTED BY NSEL  COMMAND.

 ALL SELECT   FOR ITEM=ELEM COMPONENT=    
  IN RANGE         1 TO      46088 STEP          1

      35206  ELEMENTS (OF      35206  DEFINED) SELECTED BY  ESEL  COMMAND.

 PRINTOUT RESUMED BY /GOP

 USE       1 SUBSTEPS INITIALLY THIS LOAD STEP FOR ALL  DEGREES OF FREEDOM
 FOR AUTOMATIC TIME STEPPING:
   USE      1 SUBSTEPS AS A MAXIMUM
   USE      1 SUBSTEPS AS A MINIMUM

 TIME=  1.0000    

 ERASE THE CURRENT DATABASE OUTPUT CONTROL TABLE.


 WRITE ALL  ITEMS TO THE DATABASE WITH A FREQUENCY OF NONE
   FOR ALL APPLICABLE ENTITIES

 WRITE NSOL ITEMS TO THE DATABASE WITH A FREQUENCY OF ALL 
   FOR ALL APPLICABLE ENTITIES

 WRITE RSOL ITEMS TO THE DATABASE WITH A FREQUENCY OF ALL 
   FOR ALL APPLICABLE ENTITIES

 WRITE EANG ITEMS TO THE DATABASE WITH A FREQUENCY OF ALL 
   FOR ALL APPLICABLE ENTITIES

 WRITE ETMP ITEMS TO THE DATABASE WITH A FREQUENCY OF ALL 
   FOR ALL APPLICABLE ENTITIES

 WRITE VENG ITEMS TO THE DATABASE WITH A FREQUENCY OF ALL 
   FOR ALL APPLICABLE ENTITIES

 WRITE STRS ITEMS TO THE DATABASE WITH A FREQUENCY OF ALL 
   FOR ALL APPLICABLE ENTITIES

 WRITE EPEL ITEMS TO THE DATABASE WITH A FREQUENCY OF ALL 
   FOR ALL APPLICABLE ENTITIES

 WRITE EPPL ITEMS TO THE DATABASE WITH A FREQUENCY OF ALL 
   FOR ALL APPLICABLE ENTITIES

 WRITE CONT ITEMS TO THE DATABASE WITH A FREQUENCY OF ALL 
   FOR ALL APPLICABLE ENTITIES

 *GET  ANSINTER_  FROM  ACTI  ITEM=INT        VALUE=  0.00000000    

 *IF  ANSINTER_                         ( =   0.00000     )  NE  
      0                                 ( =   0.00000     )  THEN    

 *ENDIF

 *** NOTE ***                            CP =       0.109   TIME= 21:06:45
 The automatic domain decomposition logic has selected the MESH domain   
 decomposition method with 4 processes per solution.                     

 *****  MAPDL SOLVE    COMMAND  *****

 *** WARNING ***                         CP =       0.109   TIME= 21:06:45
 Element shape checking is currently inactive.  Issue SHPP,ON or         
 SHPP,WARN to reactivate, if desired.                                    

 *** NOTE ***                            CP =       0.125   TIME= 21:06:45
 The model data was checked and warning messages were found.             
  Please review output or errors file ( D:\Solidwork Projects\TWSBR CAD  
 Model\Old CAD\_ProjectScratch\Scr6E2B\file0.err ) for these warning     
 messages.                                                               

 *** SELECTION OF ELEMENT TECHNOLOGIES FOR APPLICABLE ELEMENTS ***
      --- GIVE SUGGESTIONS AND RESET THE KEY OPTIONS ---

 ELEMENT TYPE         1 IS SOLID187. IT IS NOT ASSOCIATED WITH FULLY INCOMPRESSIBLE
 HYPERELASTIC MATERIALS. NO SUGGESTION IS AVAILABLE AND NO RESETTING IS NEEDED.

 ELEMENT TYPE         2 IS SOLID187. IT IS NOT ASSOCIATED WITH FULLY INCOMPRESSIBLE
 HYPERELASTIC MATERIALS. NO SUGGESTION IS AVAILABLE AND NO RESETTING IS NEEDED.

 ELEMENT TYPE         3 IS SOLID187. IT IS NOT ASSOCIATED WITH FULLY INCOMPRESSIBLE
 HYPERELASTIC MATERIALS. NO SUGGESTION IS AVAILABLE AND NO RESETTING IS NEEDED.

 ELEMENT TYPE         4 IS SOLID187. IT IS NOT ASSOCIATED WITH FULLY INCOMPRESSIBLE
 HYPERELASTIC MATERIALS. NO SUGGESTION IS AVAILABLE AND NO RESETTING IS NEEDED.

 ELEMENT TYPE         5 IS SOLID187. IT IS NOT ASSOCIATED WITH FULLY INCOMPRESSIBLE
 HYPERELASTIC MATERIALS. NO SUGGESTION IS AVAILABLE AND NO RESETTING IS NEEDED.



 *** MAPDL - ENGINEERING ANALYSIS SYSTEM  RELEASE 2024 R1          24.1     ***
 Ansys Mechanical Enterprise Academic Student      
 01055371  VERSION=WINDOWS x64   21:06:45  SEP 27, 2024 CP=      0.125

 Assembly Analysis--Static Structural (A5)                                     



                       S O L U T I O N   O P T I O N S

   PROBLEM DIMENSIONALITY. . . . . . . . . . . . .3-D                  
   DEGREES OF FREEDOM. . . . . . UX   UY   UZ  
   ANALYSIS TYPE . . . . . . . . . . . . . . . . .STATIC (STEADY-STATE)
   OFFSET TEMPERATURE FROM ABSOLUTE ZERO . . . . .  273.15    
   EQUATION SOLVER OPTION. . . . . . . . . . . . .PCG                
      TOLERANCE. . . . . . . . . . . . . . . . . . 1.00000E-08
   GLOBALLY ASSEMBLED MATRIX . . . . . . . . . . .SYMMETRIC  

 *** WARNING ***                         CP =       0.125   TIME= 21:06:45
 Material number 14 (used by element 46037) should normally have at      
 least one MP or one TB type command associated with it.  Output of      
 energy by material may not be available.                                

 *** NOTE ***                            CP =       0.125   TIME= 21:06:45
 The step data was checked and warning messages were found.              
  Please review output or errors file ( D:\Solidwork Projects\TWSBR CAD  
 Model\Old CAD\_ProjectScratch\Scr6E2B\file0.err ) for these warning     
 messages.                                                               

 *** NOTE ***                            CP =       0.125   TIME= 21:06:45
 The conditions for direct assembly have been met.  No .emat or .erot    
 files will be produced.                                                 

 CHECK INITIAL OPEN/CLOSED STATUS OF SELECTED CONTACT ELEMENTS
      AND LIST DETAILED CONTACT PAIR INFORMATION

    1736 CONTACT ELEMENTS &    1744 TARGET ELEMENTS ARE UNSELECTED FOR PREPARATION OF          SPLITTING.
       4 CONTACT PAIRS ARE UNSELECTED. 

 *** NOTE ***                            CP =       0.156   TIME= 21:06:45
 The maximum number of contact elements in any single contact pair is    
 658, which is smaller than the optimal domain size of 2088 elements     
 for the given number of CPU domains (4).  Therefore, no contact pairs   
 are being split by the CNCH,DMP logic.                                  

 BECAUSE SPLIT WAS NOT DONE FOR CONNECT REGION(S), UNSELECTED ELEMENTS ARE REVERTED (SELECTED). 

 *** NOTE ***                            CP =       0.188   TIME= 21:06:45
 Symmetric Deformable- deformable contact pair identified by real        
 constant set 6 and contact element type 6 has been set up.  The         
 companion pair has real constant set ID 7.  Both pairs should have the  
 same behavior.                                                          
 MAPDL will keep the current pair and deactivate its companion pair,     
 resulting in asymmetric contact.                                        
 Linear contact is defined
 Contact algorithm: Augmented Lagrange method
 Contact detection at: Gauss integration point
 Contact stiffness factor FKN                  10.000    
 The resulting initial contact stiffness      0.48951E+06
 Default penetration tolerance factor FTOLN   0.10000    
 The resulting penetration tolerance          0.19344    
 Default opening contact stiffness OPSF will be used.
 Default tangent stiffness factor FKT          1.0000    
 Use constant contact stiffness
 Default Max. friction stress TAUMAX          0.10000E+21
 Average contact surface length                2.5044    
 Average contact pair depth                    1.9344    
 Average target surface length                 2.7850    
 Default pinball region factor PINB           0.25000    
 The resulting pinball region                 0.48360    
 Initial penetration/gap is excluded.
 Bonded contact (always) is defined.

 *** NOTE ***                            CP =       0.188   TIME= 21:06:45
 Max.  Initial penetration 1.421085472E-14 was detected between contact  
 element 39472 and target element 40453.                                 
 ****************************************
  

 *** NOTE ***                            CP =       0.188   TIME= 21:06:45
 Symmetric Deformable- deformable contact pair identified by real        
 constant set 7 and contact element type 6 has been set up.  The         
 companion pair has real constant set ID 6.  Both pairs should have the  
 same behavior.                                                          
 MAPDL will deactivate the current pair and keep its companion pair,     
 resulting in asymmetric contact.                                        
 Linear contact is defined
 Contact algorithm: Augmented Lagrange method
 Contact detection at: Gauss integration point
 Contact stiffness factor FKN                  10.000    
 The resulting initial contact stiffness      0.48951E+06
 Default penetration tolerance factor FTOLN   0.10000    
 The resulting penetration tolerance          0.14300    
 Default opening contact stiffness OPSF will be used.
 Default tangent stiffness factor FKT          1.0000    
 Use constant contact stiffness
 Default Max. friction stress TAUMAX          0.10000E+21
 Average contact surface length                2.8602    
 Average contact pair depth                    1.4300    
 Average target surface length                 2.4458    
 Default pinball region factor PINB           0.25000    
 The resulting pinball region                 0.35750    
 Initial penetration/gap is excluded.
 Bonded contact (always) is defined.

 *** NOTE ***                            CP =       0.188   TIME= 21:06:45
 Max.  Initial penetration 2.131628207E-14 was detected between contact  
 element 40016 and target element 39168.                                 
 ****************************************
  

 *** NOTE ***                            CP =       0.188   TIME= 21:06:45
 Symmetric Deformable- deformable contact pair identified by real        
 constant set 8 and contact element type 8 has been set up.  The         
 companion pair has real constant set ID 9.  Both pairs should have the  
 same behavior.                                                          
 MAPDL will keep the current pair and deactivate its companion pair,     
 resulting in asymmetric contact.                                        
 Linear contact is defined
 Contact algorithm: Augmented Lagrange method
 Contact detection at: Gauss integration point
 Contact stiffness factor FKN                  10.000    
 The resulting initial contact stiffness      0.48951E+06
 Default penetration tolerance factor FTOLN   0.10000    
 The resulting penetration tolerance          0.19344    
 Default opening contact stiffness OPSF will be used.
 Default tangent stiffness factor FKT          1.0000    
 Use constant contact stiffness
 Default Max. friction stress TAUMAX          0.10000E+21
 Average contact surface length                2.5044    
 Average contact pair depth                    1.9344    
 Average target surface length                 2.7850    
 Default pinball region factor PINB           0.25000    
 The resulting pinball region                 0.48360    
 Initial penetration/gap is excluded.
 Bonded contact (always) is defined.

 *** NOTE ***                            CP =       0.188   TIME= 21:06:45
 Max.  Initial penetration 2.842170943E-14 was detected between contact  
 element 41171 and target element 41723.                                 
 ****************************************
  

 *** NOTE ***                            CP =       0.188   TIME= 21:06:45
 Symmetric Deformable- deformable contact pair identified by real        
 constant set 9 and contact element type 8 has been set up.  The         
 companion pair has real constant set ID 8.  Both pairs should have the  
 same behavior.                                                          
 MAPDL will deactivate the current pair and keep its companion pair,     
 resulting in asymmetric contact.                                        
 Linear contact is defined
 Contact algorithm: Augmented Lagrange method
 Contact detection at: Gauss integration point
 Contact stiffness factor FKN                  10.000    
 The resulting initial contact stiffness      0.48951E+06
 Default penetration tolerance factor FTOLN   0.10000    
 The resulting penetration tolerance          0.14300    
 Default opening contact stiffness OPSF will be used.
 Default tangent stiffness factor FKT          1.0000    
 Use constant contact stiffness
 Default Max. friction stress TAUMAX          0.10000E+21
 Average contact surface length                2.8602    
 Average contact pair depth                    1.4300    
 Average target surface length                 2.4458    
 Default pinball region factor PINB           0.25000    
 The resulting pinball region                 0.35750    
 Initial penetration/gap is excluded.
 Bonded contact (always) is defined.

 *** NOTE ***                            CP =       0.188   TIME= 21:06:45
 Max.  Initial penetration 1.421085472E-14 was detected between contact  
 element 41338 and target element 40607.                                 
 ****************************************
  

 *** NOTE ***                            CP =       0.188   TIME= 21:06:45
 Symmetric Deformable- deformable contact pair identified by real        
 constant set 10 and contact element type 10 has been set up.  The       
 companion pair has real constant set ID 11.  Both pairs should have     
 the same behavior.                                                      
 MAPDL will deactivate the current pair and keep its companion pair,     
 resulting in asymmetric contact.                                        
 Linear contact is defined
 Contact algorithm: Augmented Lagrange method
 Contact detection at: Gauss integration point
 Contact stiffness factor FKN                  10.000    
 The resulting initial contact stiffness      0.31078E+06
 Default penetration tolerance factor FTOLN   0.10000    
 The resulting penetration tolerance          0.20749    
 Default opening contact stiffness OPSF will be used.
 Default tangent stiffness factor FKT          1.0000    
 Use constant contact stiffness
 Default Max. friction stress TAUMAX          0.10000E+21
 Average contact surface length                3.8249    
 Average contact pair depth                    2.0749    
 Average target surface length                 4.3417    
 Default pinball region factor PINB           0.25000    
 The resulting pinball region                 0.51872    
 Initial penetration/gap is excluded.
 Bonded contact (always) is defined.

 *** NOTE ***                            CP =       0.188   TIME= 21:06:45
 Max.  Initial penetration 2.131628207E-14 was detected between contact  
 element 42801 and target element 43766.                                 
 ****************************************
  

 *** NOTE ***                            CP =       0.188   TIME= 21:06:45
 Symmetric Deformable- deformable contact pair identified by real        
 constant set 11 and contact element type 10 has been set up.  The       
 companion pair has real constant set ID 10.  Both pairs should have     
 the same behavior.                                                      
 MAPDL will keep the current pair and deactivate its companion pair,     
 resulting in asymmetric contact.                                        
 Linear contact is defined
 Contact algorithm: Augmented Lagrange method
 Contact detection at: Gauss integration point
 Contact stiffness factor FKN                  10.000    
 The resulting initial contact stiffness      0.31078E+06
 Default penetration tolerance factor FTOLN   0.10000    
 The resulting penetration tolerance          0.22524    
 Default opening contact stiffness OPSF will be used.
 Default tangent stiffness factor FKT          1.0000    
 Use constant contact stiffness
 Default Max. friction stress TAUMAX          0.10000E+21
 Average contact surface length                4.4047    
 Average contact pair depth                    2.2524    
 Average target surface length                 3.7828    
 Default pinball region factor PINB           0.25000    
 The resulting pinball region                 0.56310    
 Initial penetration/gap is excluded.
 Bonded contact (always) is defined.

 *** NOTE ***                            CP =       0.188   TIME= 21:06:45
 Max.  Initial penetration 2.842170943E-14 was detected between contact  
 element 43414 and target element 42225.                                 
 ****************************************
  

 *** NOTE ***                            CP =       0.188   TIME= 21:06:45
 Symmetric Deformable- deformable contact pair identified by real        
 constant set 12 and contact element type 12 has been set up.  The       
 companion pair has real constant set ID 13.  Both pairs should have     
 the same behavior.                                                      
 MAPDL will keep the current pair and deactivate its companion pair,     
 resulting in asymmetric contact.                                        
 Linear contact is defined
 Contact algorithm: Augmented Lagrange method
 Contact detection at: Gauss integration point
 Contact stiffness factor FKN                  10.000    
 The resulting initial contact stiffness      0.28347E+06
 Default penetration tolerance factor FTOLN   0.10000    
 The resulting penetration tolerance          0.20749    
 Default opening contact stiffness OPSF will be used.
 Default tangent stiffness factor FKT          1.0000    
 Use constant contact stiffness
 Default Max. friction stress TAUMAX          0.10000E+21
 Average contact surface length                3.8249    
 Average contact pair depth                    2.0749    
 Average target surface length                 4.6366    
 Default pinball region factor PINB           0.25000    
 The resulting pinball region                 0.51872    
 Initial penetration/gap is excluded.
 Bonded contact (always) is defined.

 *** NOTE ***                            CP =       0.188   TIME= 21:06:45
 Max.  Initial penetration 1.421085472E-14 was detected between contact  
 element 44869 and target element 45751.                                 
 ****************************************
  

 *** NOTE ***                            CP =       0.188   TIME= 21:06:45
 Symmetric Deformable- deformable contact pair identified by real        
 constant set 13 and contact element type 12 has been set up.  The       
 companion pair has real constant set ID 12.  Both pairs should have     
 the same behavior.                                                      
 MAPDL will deactivate the current pair and keep its companion pair,     
 resulting in asymmetric contact.                                        
 Linear contact is defined
 Contact algorithm: Augmented Lagrange method
 Contact detection at: Gauss integration point
 Contact stiffness factor FKN                  10.000    
 The resulting initial contact stiffness      0.28347E+06
 Default penetration tolerance factor FTOLN   0.10000    
 The resulting penetration tolerance          0.24694    
 Default opening contact stiffness OPSF will be used.
 Default tangent stiffness factor FKT          1.0000    
 Use constant contact stiffness
 Default Max. friction stress TAUMAX          0.10000E+21
 Average contact surface length                4.7031    
 Average contact pair depth                    2.4694    
 Average target surface length                 3.7828    
 Default pinball region factor PINB           0.25000    
 The resulting pinball region                 0.61736    
 Initial penetration/gap is excluded.
 Bonded contact (always) is defined.

 *** NOTE ***                            CP =       0.188   TIME= 21:06:45
 Max.  Initial penetration 2.842170943E-14 was detected between contact  
 element 45476 and target element 44601.                                 
 ****************************************
  
  
  

  
  
     D I S T R I B U T E D   D O M A I N   D E C O M P O S E R
  
  ...Number of elements: 35206
  ...Number of nodes:    49216
  ...Decompose to 4 CPU domains
  ...Element load balance ratio =     1.017


                      L O A D   S T E P   O P T I O N S

   LOAD STEP NUMBER. . . . . . . . . . . . . . . .     1
   TIME AT END OF THE LOAD STEP. . . . . . . . . .  1.0000    
   NUMBER OF SUBSTEPS. . . . . . . . . . . . . . .     1
   STEP CHANGE BOUNDARY CONDITIONS . . . . . . . .    NO
   PRINT OUTPUT CONTROLS . . . . . . . . . . . . .NO PRINTOUT
   DATABASE OUTPUT CONTROLS
      ITEM     FREQUENCY   COMPONENT
       ALL       NONE               
      NSOL        ALL               
      RSOL        ALL               
      EANG        ALL               
      ETMP        ALL               
      VENG        ALL               
      STRS        ALL               
      EPEL        ALL               
      EPPL        ALL               
      CONT        ALL               


 SOLUTION MONITORING INFO IS WRITTEN TO FILE= file.mntr                                                                                                                                                                                                                                                           

 *** NOTE ***                            CP =       0.266   TIME= 21:06:46
 Symmetric Deformable- deformable contact pair identified by real        
 constant set 6 and contact element type 6 has been set up.  The         
 companion pair has real constant set ID 7.  Both pairs should have the  
 same behavior.                                                          
 MAPDL will keep the current pair and deactivate its companion pair,     
 resulting in asymmetric contact.                                        
 Linear contact is defined
 Contact algorithm: Augmented Lagrange method
 Contact detection at: Gauss integration point
 Contact stiffness factor FKN                  10.000    
 The resulting initial contact stiffness      0.48951E+06
 Default penetration tolerance factor FTOLN   0.10000    
 The resulting penetration tolerance          0.19344    
 Default opening contact stiffness OPSF will be used.
 Default tangent stiffness factor FKT          1.0000    
 Use constant contact stiffness
 Default Max. friction stress TAUMAX          0.10000E+21
 Average contact surface length                2.5044    
 Average contact pair depth                    1.9344    
 Average target surface length                 2.7850    
 Default pinball region factor PINB           0.25000    
 The resulting pinball region                 0.48360    
 Initial penetration/gap is excluded.
 Bonded contact (always) is defined.

 *** NOTE ***                            CP =       0.266   TIME= 21:06:46
 Max.  Initial penetration 1.421085472E-14 was detected between contact  
 element 39472 and target element 40453.                                 
 ****************************************
  

 *** NOTE ***                            CP =       0.266   TIME= 21:06:46
 Symmetric Deformable- deformable contact pair identified by real        
 constant set 7 and contact element type 6 has been set up.  The         
 companion pair has real constant set ID 6.  Both pairs should have the  
 same behavior.                                                          
 MAPDL will deactivate the current pair and keep its companion pair,     
 resulting in asymmetric contact.                                        
 Linear contact is defined
 Contact algorithm: Augmented Lagrange method
 Contact detection at: Gauss integration point
 Contact stiffness factor FKN                  10.000    
 The resulting initial contact stiffness      0.48951E+06
 Default penetration tolerance factor FTOLN   0.10000    
 The resulting penetration tolerance          0.14300    
 Default opening contact stiffness OPSF will be used.
 Default tangent stiffness factor FKT          1.0000    
 Use constant contact stiffness
 Default Max. friction stress TAUMAX          0.10000E+21
 Average contact surface length                2.8602    
 Average contact pair depth                    1.4300    
 Average target surface length                 2.4458    
 Default pinball region factor PINB           0.25000    
 The resulting pinball region                 0.35750    
 Initial penetration/gap is excluded.
 Bonded contact (always) is defined.

 *** NOTE ***                            CP =       0.266   TIME= 21:06:46
 Max.  Initial penetration 2.131628207E-14 was detected between contact  
 element 40016 and target element 39168.                                 
 ****************************************
  


 *** NOTE ***                            CP =       0.281   TIME= 21:06:46
 The PCG solver has automatically set the level of difficulty for this   
 model to 2.                                                             
  
 *************************************************
  SUMMARY FOR CONTACT PAIR IDENTIFIED BY REAL CONSTANT SET           6
 Max.  Penetration of -1.995114882E-27 has been detected between contact 
 element 39550 and target element 40202.                                 
  
 Max.  Geometrical gap of 1.421085472E-14 has been detected between      
 contact element 39578 and target element 40244.                         
  
 Max.  Geometrical penetration of -1.421085472E-14 has been detected     
 between contact element 39578 and target element 40244.                 
 For total 370 contact elements, there are 352 elements are in contact.  
 There are 352 elements are in sticking.                                 
 Contacting area 1032.92307.                                             
 Max.  Pinball distance 0.483595051.                                     
 One of the contact searching regions contains at least 43 target        
 elements.                                                               
 Max.  Pressure/force 1.088837871E-09.                                   
 Max.  Normal stiffness 489511.127.                                      
 Min.  Normal stiffness 489511.127.                                      
 Max.  Tangential stiffness 283573.235.                                  
 Min.  Tangential stiffness 283573.235.                                  
 *************************************************
  
 *************************************************
  SUMMARY FOR CONTACT PAIR IDENTIFIED BY REAL CONSTANT SET           7

 *** NOTE ***                            CP =       0.406   TIME= 21:06:46
 Contact pair is inactive.                                               


                         ***********  PRECISE MASS SUMMARY  ***********

   TOTAL RIGID BODY MASS MATRIX ABOUT ORIGIN
               Translational mass               |   Coupled translational/rotational mass
        0.74966E-03    0.0000        0.0000     |     0.0000      -0.10928      -0.97640E-02
         0.0000       0.74966E-03    0.0000     |    0.10928        0.0000      -0.16370E-02
         0.0000        0.0000       0.74966E-03 |    0.97640E-02   0.16370E-02    0.0000    
     ------------------------------------------ | ------------------------------------------
                                                |         Rotational mass (inertia)
                                                |     16.232       0.21329E-01  -0.23862    
                                                |    0.21329E-01    17.602        1.4233    
                                                |   -0.23862        1.4233        1.7999    

   TOTAL MASS = 0.74966E-03
     The mass principal axes coincide with the global Cartesian axes

   CENTER OF MASS (X,Y,Z)=   -2.1836        13.024       -145.77    

   TOTAL INERTIA ABOUT CENTER OF MASS
        0.17630       0.82979E-05   0.12252E-11
        0.82979E-05    1.6692       0.70122E-12
        0.12252E-11   0.70122E-12    1.6692    
     The inertia principal axes coincide with the global Cartesian axes


  *** MASS SUMMARY BY ELEMENT TYPE ***

  TYPE      MASS
     1  0.374832E-03
     2  0.374832E-03

 Range of element maximum matrix coefficients in global coordinates
 Maximum = 9191806.33 at element 43412.                                  
 Minimum = 972.88791 at element 18897.                                   

   *** ELEMENT MATRIX FORMULATION TIMES
     TYPE    NUMBER   ENAME      TOTAL CP  AVE CP

        1      5688  SOLID187      0.000   0.000000
        2      5688  SOLID187      0.031   0.000005
        3      6259  SOLID187      0.094   0.000015
        4      6259  SOLID187      0.031   0.000005
        5      4300  SOLID187      0.109   0.000025
        6       750  CONTA174      0.000   0.000000
        7       750  TARGE170      0.000   0.000000
        8       750  CONTA174      0.000   0.000000
        9       750  TARGE170      0.000   0.000000
       10      1004  CONTA174      0.062   0.000062
       11      1004  TARGE170      0.000   0.000000
       12       976  CONTA174      0.000   0.000000
       13       976  TARGE170      0.000   0.000000
       14        52  SURF154       0.000   0.000000
 Time at end of element matrix formulation CP = 0.40625.                 
 Iteration=    10 Ratio=  0.277378     Limit=  1.000000E-08 Wall=     0.0
 Iteration=   400 Ratio=  9.312783E-04 Limit=  1.000000E-08 Wall=     2.2
 Iteration=   840 Ratio=  3.158553E-06 Limit=  1.000000E-08 Wall=     4.6

 DISTRIBUTED PCG SOLVER SOLUTION CONVERGED

 DISTRIBUTED PCG SOLVER SOLUTION STATISTICS

   NUMBER OF ITERATIONS=        1321
   NUMBER OF EQUATIONS =      147648
   LEVEL OF CONVERGENCE=           1
   CALCULATED NORM     = 0.95345E-08
   SPECIFIED TOLERANCE = 0.10000E-07
   TOTAL CPU TIME (sec)=        3.14
   TOTAL WALL TIME(sec)=        8.13
   TOTAL MEMORY (GB)   =        0.07


   *** ELEMENT RESULT CALCULATION TIMES
     TYPE    NUMBER   ENAME      TOTAL CP  AVE CP

        1      5688  SOLID187      0.016   0.000003
        2      5688  SOLID187      0.438   0.000077
        3      6259  SOLID187      0.047   0.000007
        4      6259  SOLID187      0.000   0.000000
        5      4300  SOLID187      0.062   0.000015
        6       750  CONTA174      0.031   0.000042
        8       750  CONTA174      0.016   0.000021
       10      1004  CONTA174      0.000   0.000000
       12       976  CONTA174      0.000   0.000000
       14        52  SURF154       0.000   0.000000

   *** NODAL LOAD CALCULATION TIMES
     TYPE    NUMBER   ENAME      TOTAL CP  AVE CP

        1      5688  SOLID187      0.016   0.000003
        2      5688  SOLID187      0.062   0.000011
        3      6259  SOLID187      0.000   0.000000
        4      6259  SOLID187      0.016   0.000002
        5      4300  SOLID187      0.031   0.000007
        6       750  CONTA174      0.000   0.000000
        8       750  CONTA174      0.000   0.000000
       10      1004  CONTA174      0.000   0.000000
       12       976  CONTA174      0.000   0.000000
       14        52  SURF154       0.000   0.000000
 *** LOAD STEP     1   SUBSTEP     1  COMPLETED.    CUM ITER =      1
 *** TIME =   1.00000         TIME INC =   1.00000      NEW TRIANG MATRIX

 *** NOTE ***                            CP =       4.250   TIME= 21:06:55
 During this loadstep the PCG iterative solver took more than 1000       
 iterations to solve the system of equations.  In the future it may be   
 more efficient to choose a direct solver, such as the SPARSE solver,    
 for this analysis.                                                      


 *** MAPDL BINARY FILE STATISTICS
  BUFFER SIZE USED= 16384
        7.625 MB WRITTEN ON ELEMENT SAVED DATA FILE: file0.esav
        5.562 MB WRITTEN ON RESULTS FILE: file0.rst
 *************** Write FE CONNECTORS *********

 WRITE OUT CONSTRAINT EQUATIONS TO FILE= file.ce                                                                                                                                                                                                                                                             
 ****************************************************
 *************** FINISHED SOLVE FOR LS 1 *************

 *GET  _WALLASOL  FROM  ACTI  ITEM=TIME WALL  VALUE=  21.1155556    

 PRINTOUT RESUMED BY /GOP

 *GET  _PCGITER  FROM  ACTI  ITEM=SOLU CGIT  VALUE=  1321.00000    

 FINISH SOLUTION PROCESSING


 ***** ROUTINE COMPLETED *****  CP =         4.406



 *** MAPDL - ENGINEERING ANALYSIS SYSTEM  RELEASE 2024 R1          24.1     ***
 Ansys Mechanical Enterprise Academic Student      
 01055371  VERSION=WINDOWS x64   21:06:56  SEP 27, 2024 CP=      4.406

 Assembly Analysis--Static Structural (A5)                                     



          ***** MAPDL RESULTS INTERPRETATION (POST1) *****

 *** NOTE ***                            CP =       4.406   TIME= 21:06:56
 Reading results into the database (SET command) will update the current 
 displacement and force boundary conditions in the database with the     
 values from the results file for that load set.  Note that any          
 subsequent solutions will use these values unless action is taken to    
 either SAVE the current values or not overwrite them (/EXIT,NOSAVE).    

 Set Encoding of XML File to:ISO-8859-1

 Set Output of XML File to:
     PARM,     ,     ,     ,     ,     ,     ,     ,     ,     ,     ,     ,
         ,     ,     ,     ,     ,     ,     ,

 DATABASE WRITTEN ON FILE  parm.xml                                                                                                                                                                                                                                                            

 EXIT THE MAPDL POST1 DATABASE PROCESSOR


 ***** ROUTINE COMPLETED *****  CP =         4.406



 PRINTOUT RESUMED BY /GOP

 *GET  _WALLDONE  FROM  ACTI  ITEM=TIME WALL  VALUE=  21.1155556    

 PARAMETER _PREPTIME =     0.000000000    

 PARAMETER _SOLVTIME =     12.00000000    

 PARAMETER _POSTTIME =     0.000000000    

 PARAMETER _TOTALTIM =     12.00000000    

 *GET  _DLBRATIO  FROM  ACTI  ITEM=SOLU DLBR  VALUE=  1.01671240    

 *GET  _COMBTIME  FROM  ACTI  ITEM=SOLU COMB  VALUE= 0.116434300    

 *GET  _SSMODE   FROM  ACTI  ITEM=SOLU SSMM  VALUE=  0.00000000    

 *GET  _NDOFS    FROM  ACTI  ITEM=SOLU NDOF  VALUE=  132996.000    

 *GET  _SOL_END_TIME  FROM  ACTI  ITEM=SET  TIME  VALUE=  1.00000000    

 *IF  _sol_end_time                     ( =   1.00000     )  EQ  
      1.000000                          ( =   1.00000     )  THEN    

 /FCLEAN COMMAND REMOVING ALL LOCAL FILES

 *ENDIF
 --- Total number of nodes = 49216
 --- Total number of elements = 35206
 --- Element load balance ratio = 1.0167124
 --- Time to combine distributed files = 0.1164343
 --- Sparse memory mode = 0
 --- Number of DOF = 132996

 EXIT MAPDL WITHOUT SAVING DATABASE


 NUMBER OF WARNING MESSAGES ENCOUNTERED=          2
 NUMBER OF ERROR   MESSAGES ENCOUNTERED=          0

+--------------------- M A P D L   S T A T I S T I C S ------------------------+

Release: 2024 R1            Build: 24.1       Update: UP20231106   Platform: WINDOWS x64 
Date Run: 09/27/2024   Time: 21:06     Process ID: 26960
Operating System: Windows 11  (Build: 22631)

Processor Model: 12th Gen Intel(R) Core(TM) i5-12500H

Compiler: Intel(R) Fortran Compiler Classic Version 2021.9  (Build: 20230302)
          Intel(R) C/C++ Compiler Classic Version 2021.9  (Build: 20230302)
          Intel(R) Math Kernel Library Version 2020.0.0 Product Build 20191125
          BLAS Library supplied by Intel(R) MKL

Number of machines requested            :    1
Total number of cores available         :   16
Number of physical cores available      :   12
Number of processes requested           :    4
Number of threads per process requested :    1
Total number of cores requested         :    4 (Distributed Memory Parallel)               
MPI Type: INTELMPI
MPI Version: Intel(R) MPI Library 2021.10 for Windows* OS


GPU Acceleration: Not Requested

Job Name: file0
Input File: dummy.dat

  Core                Machine Name   Working Directory
 -----------------------------------------------------
     0              Divya_Kumar_HP   D:\Solidwork Projects\TWSBR CAD Model\Old CAD\_ProjectScratch\Scr6E2B
     1              Divya_Kumar_HP   D:\Solidwork Projects\TWSBR CAD Model\Old CAD\_ProjectScratch\Scr6E2B
     2              Divya_Kumar_HP   D:\Solidwork Projects\TWSBR CAD Model\Old CAD\_ProjectScratch\Scr6E2B
     3              Divya_Kumar_HP   D:\Solidwork Projects\TWSBR CAD Model\Old CAD\_ProjectScratch\Scr6E2B
 
Latency time from master to core     1 =    3.036 microseconds
Latency time from master to core     2 =    2.808 microseconds
Latency time from master to core     3 =    1.704 microseconds
 
Communication speed from master to core     1 =  7788.54 MB/sec
Communication speed from master to core     2 =  6079.44 MB/sec
Communication speed from master to core     3 =  9142.13 MB/sec

Total CPU time for main thread                    :        4.5 seconds
Total CPU time summed for all threads             :        4.5 seconds

Elapsed time spent obtaining a license            :        0.4 seconds
Elapsed time spent pre-processing model (/PREP7)  :        0.2 seconds
Elapsed time spent solution - preprocessing       :        1.0 seconds
Elapsed time spent computing solution             :        9.9 seconds
Elapsed time spent solution - postprocessing      :        0.1 seconds
Elapsed time spent post-processing model (/POST1) :        0.0 seconds
 
Equation solver used                              :            PCG (symmetric)
Equation solver computational rate                :        7.7 Gflops

Sum of disk space used on all processes           :       88.0 MB

Sum of memory used on all processes               :      442.0 MB
Sum of memory allocated on all processes          :     2880.0 MB
Physical memory available                         :         16 GB
Total amount of I/O written to disk               :        0.1 GB
Total amount of I/O read from disk                :        0.1 GB

+------------------ E N D   M A P D L   S T A T I S T I C S -------------------+


 *-----------------------------------------------------------------------------*
 |                                                                             |
 |                               RUN COMPLETED                                 |
 |                                                                             |
 |-----------------------------------------------------------------------------|
 |                                                                             |
 |  Ansys MAPDL 2024 R1         Build 24.1         UP20231106    WINDOWS x64   |
 |                                                                             |
 |-----------------------------------------------------------------------------|
 |                                                                             |
 |  Database Requested(-db)     1024 MB     Scratch Memory Requested   1024 MB |
 |  Max Database Used(Master)     48 MB     Max Scratch Used(Master)    122 MB |
 |  Max Database Used(Workers)     1 MB     Max Scratch Used(Workers)    90 MB |
 |  Sum Database Used(All)        51 MB     Sum Scratch Used(All)       391 MB |
 |                                                                             |
 |-----------------------------------------------------------------------------|
 |                                                                             |
 |        CP Time      (sec) =          4.453       Time  =  21:06:56          |
 |        Elapsed Time (sec) =         13.000       Date  =  09/27/2024        |
 |                                                                             |
 *-----------------------------------------------------------------------------*
